<?xml version="1.0" encoding="UTF-8"?>
<!-- Generated by org.testng.reporters.JUnitReportReporter -->
<testsuite hostname="DESKTOP-GJBGKP5" failures="0" tests="2" name="com.rifat.TestNGExamples" time="0.009" errors="0" timestamp="2023-10-04T12:02:00 BDT" skipped="0">
  <testcase classname="com.rifat.TestNGExamples" name="TestExamples" time="0.007"/>
  <testcase classname="com.rifat.TestNGExamples" name="TestExamples2" time="0.002"/>
</testsuite> <!-- com.rifat.TestNGExamples -->
