<?xml version="1.0" encoding="UTF-8"?>
<!-- Generated by org.testng.reporters.JUnitReportReporter -->
<testsuite hostname="DESKTOP-GJBGKP5" failures="0" tests="1" name="com.rifat.BaseDriver" time="3.215" errors="0" timestamp="2023-10-02T15:40:52 BDT" skipped="0">
  <testcase classname="com.rifat.BaseDriver" name="startBrowser" time="3.215"/>
</testsuite> <!-- com.rifat.BaseDriver -->
