<?xml version="1.0" encoding="UTF-8"?>
<!-- Generated by org.testng.reporters.JUnitReportReporter -->
<testsuite hostname="DESKTOP-GJBGKP5" failures="0" tests="1" name="com.rifat.FirstAutomation" time="77.448" errors="0" timestamp="2023-10-04T13:51:06 BDT" skipped="0">
  <testcase classname="com.rifat.FirstAutomation" name="openUrl" time="77.448"/>
</testsuite> <!-- com.rifat.FirstAutomation -->
